TN:
SF:calculator.js
FN:1,(anonymous_0)
FN:5,(anonymous_1)
FN:9,(anonymous_2)
FN:13,(anonymous_3)
FN:17,(anonymous_4)
FN:21,(anonymous_5)
FN:29,(anonymous_6)
FNF:7
FNH:7
FNDA:4,(anonymous_0)
FNDA:4,(anonymous_1)
FNDA:4,(anonymous_2)
FNDA:4,(anonymous_3)
FNDA:7,(anonymous_4)
FNDA:7,(anonymous_5)
FNDA:7,(anonymous_6)
DA:1,1
DA:2,4
DA:5,1
DA:6,4
DA:9,1
DA:10,4
DA:13,1
DA:14,4
DA:17,1
DA:18,7
DA:21,1
DA:22,7
DA:23,4
DA:25,3
DA:29,1
DA:30,7
DA:31,3
DA:33,4
DA:37,1
LF:19
LH:19
BRDA:22,0,0,4
BRDA:22,0,1,3
BRDA:30,1,0,3
BRDA:30,1,1,4
BRF:4
BRH:4
end_of_record
